[21-Sep-2022 07:02:52 UTC] payment_id: 
[21-Sep-2022 07:04:03 UTC] payment_info: [{"1660483999": "63022875"}, {"1657522470": "63022876"}]
[21-Sep-2022 07:04:03 UTC] payment_info_json: Array
[21-Sep-2022 07:04:03 UTC] payment_id: 
[21-Sep-2022 07:05:47 UTC] payment_info: [{"1660483999": "63022875"}, {"1657522470": "63022876"}]
[21-Sep-2022 07:05:47 UTC] company_id: 1660483999
[21-Sep-2022 07:05:47 UTC] payment_info_json: Array
(
    [0] => Array
        (
            [1660483999] => 63022875
        )

    [1] => Array
        (
            [1657522470] => 63022876
        )

)

[21-Sep-2022 07:05:47 UTC] payment_,true)id: 
[21-Sep-2022 07:17:20 UTC] payment_info: {"1657522470": "63023109", "1660483999": "63023108"}
[21-Sep-2022 07:17:20 UTC] company_id: 1660483999
[21-Sep-2022 07:17:20 UTC] payment_info_json: Array
(
    [1657522470] => 63023109
    [1660483999] => 63023108
)

[21-Sep-2022 07:17:20 UTC] payment_,true)id: 63023108
